<?xml version="1.0" encoding="UTF-8" ?>
<testsuite failures="0" time="0.277" errors="0" skipped="0" tests="4" name="org.counter.impl.MemCounterTest">
  <properties>
[...]
</properties>
  <testcase time="0.053" classname="org.counter.impl.MemCounterTest" name="testGet"/>
  <testcase time="0.001" classname="org.counter.impl.MemCounterTest" name="testMultiGet"/>
  <testcase time="0.001" classname="org.counter.impl.MemCounterTest" name="testAdd"/>
  <testcase time="0.005" classname="org.counter.impl.MemCounterTest" name="testAdds"/>
</testsuite>